<?xml version="1.0" encoding="UTF-8"?><testsuite errors="0" failures="1" name="Búsqueda de Politicas de Objeto extraviado" skipped="0" tests="1" time="12.63" timestamp="2020-08-20 03:05:07"><testcase name="Abrir el PDF Politicas de objeto extraviado"><failure message="Expected net.serenitybdd.screenplay.QuestionSubject@1d64a90&#10;Expected: is &lt;true&gt;&#10;     but: was &lt;false&gt;" type="java.lang.AssertionError">Expected net.serenitybdd.screenplay.QuestionSubject@1d64a90
Expected: is &lt;true&gt;
     but: was &lt;false&gt;</failure><system-err>Expected net.serenitybdd.screenplay.QuestionSubject@1d64a90
Expected: is &lt;true&gt;
     but: was &lt;false&gt;&#13;
co.com.banistmo.reto.stepdefinitions.TocumenStepDefinitions.deberiaAbrirseElArchivoAaaaa(TocumenStepDefinitions.java:41)&#13;
✽.Deberia abrirse el archivo aa(src/test/resources/features/tocumenpdf.feature:20)&#13;
</system-err></testcase></testsuite>