<?xml version="1.0" encoding="UTF-8"?><testsuite errors="1" failures="0" name="Búsqueda de Politicas de Objeto extraviado" skipped="0" tests="1" time="11.82" timestamp="2020-08-20 09:03:06"><testcase name="Abrir el PDF Politicas de objeto extraviado"><error message="Arity mismatch: Step Definition 'co.com.banistmo.reto.stepdefinitions.TocumenStepDefinitions.hagoClickEnSERVICIOSINFORMACIONDELVIAJEROOBJETOSEXTRAVIADOS() in file:/C:/Users/kyoung/IdeaProjects/co.com.banistmo.reto/build/classes/java/test/' with pattern [^Hago click en (.*)/INFORMACION DEL VIAJERO/OBJETOS EXTRAVIADOS$] is declared with 0 parameters. However, the gherkin step has 1 arguments [SERVICIOS]. &#10;Step text: Hago click en SERVICIOS/INFORMACION DEL VIAJERO/OBJETOS EXTRAVIADOS" type="cucumber.runtime.CucumberException">Arity mismatch: Step Definition 'co.com.banistmo.reto.stepdefinitions.TocumenStepDefinitions.hagoClickEnSERVICIOSINFORMACIONDELVIAJEROOBJETOSEXTRAVIADOS() in file:/C:/Users/kyoung/IdeaProjects/co.com.banistmo.reto/build/classes/java/test/' with pattern [^Hago click en (.*)/INFORMACION DEL VIAJERO/OBJETOS EXTRAVIADOS$] is declared with 0 parameters. However, the gherkin step has 1 arguments [SERVICIOS]. 
Step text: Hago click en SERVICIOS/INFORMACION DEL VIAJERO/OBJETOS EXTRAVIADOS</error><system-err>Arity mismatch: Step Definition 'co.com.banistmo.reto.stepdefinitions.TocumenStepDefinitions.hagoClickEnSERVICIOSINFORMACIONDELVIAJEROOBJETOSEXTRAVIADOS() in file:/C:/Users/kyoung/IdeaProjects/co.com.banistmo.reto/build/classes/java/test/' with pattern [^Hago click en (.*)/INFORMACION DEL VIAJERO/OBJETOS EXTRAVIADOS$] is declared with 0 parameters. However, the gherkin step has 1 arguments [SERVICIOS]. 
Step text: Hago click en SERVICIOS/INFORMACION DEL VIAJERO/OBJETOS EXTRAVIADOS&#13;
cucumber.runner.Runner.runPickle(Runner.java:80)&#13;
</system-err></testcase></testsuite>